# JRE version: Java(TM) SE Runtime Environment (8.0_45-b14) (build 1.8.0_45-b14)
# Java VM: Java HotSpot(TM) 64-Bit Server VM (25.45-b02 mixed mode windows-amd64 compressed oops)
Heap:
 PSYoungGen      total 256000K, used 165549K [0x00000000eab00000, 0x00000000fe800000, 0x0000000100000000)
  eden space 237568K, 67% used [0x00000000eab00000,0x00000000f4871660,0x00000000f9300000)
  from space 18432K, 23% used [0x00000000f9300000,0x00000000f9739f40,0x00000000fa500000)
  to   space 17920K, 0% used [0x00000000fd680000,0x00000000fd680000,0x00000000fe800000)
 ParOldGen       total 48128K, used 33924K [0x00000000c0000000, 0x00000000c2f00000, 0x00000000eab00000)
  object space 48128K, 70% used [0x00000000c0000000,0x00000000c2121388,0x00000000c2f00000)
 Metaspace       used 48269K, capacity 49508K, committed 49664K, reserved 1091584K
  class space    used 6562K, capacity 6876K, committed 6912K, reserved 1048576K
GC Heap History (10 events):
Event: 13.536 GC heap before
{Heap before GC invocations=9 (full 1):
 PSYoungGen      total 108544K, used 105810K [0x00000000eab00000, 0x00000000f6780000, 0x0000000100000000)
  eden space 98304K, 100% used [0x00000000eab00000,0x00000000f0b00000,0x00000000f0b00000)
  from space 10240K, 73% used [0x00000000f0b00000,0x00000000f1254968,0x00000000f1500000)
  to   space 10752K, 0% used [0x00000000f5d00000,0x00000000f5d00000,0x00000000f6780000)
 ParOldGen       total 36352K, used 13502K [0x00000000c0000000, 0x00000000c2380000, 0x00000000eab00000)
  object space 36352K, 37% used [0x00000000c0000000,0x00000000c0d2fbd0,0x00000000c2380000)
 Metaspace       used 33208K, capacity 33856K, committed 33920K, reserved 1079296K
  class space    used 4459K, capacity 4678K, committed 4736K, reserved 1048576K
Event: 13.712 GC heap after
Heap after GC invocations=9 (full 1):
 PSYoungGen      total 179712K, used 10733K [0x00000000eab00000, 0x00000000f6c00000, 0x0000000100000000)
  eden space 168960K, 0% used [0x00000000eab00000,0x00000000eab00000,0x00000000f5000000)
  from space 10752K, 99% used [0x00000000f5d00000,0x00000000f677b4e8,0x00000000f6780000)
  to   space 13312K, 0% used [0x00000000f5000000,0x00000000f5000000,0x00000000f5d00000)
 ParOldGen       total 36352K, used 14717K [0x00000000c0000000, 0x00000000c2380000, 0x00000000eab00000)
  object space 36352K, 40% used [0x00000000c0000000,0x00000000c0e5f480,0x00000000c2380000)
 Metaspace       used 33208K, capacity 33856K, committed 33920K, reserved 1079296K
  class space    used 4459K, capacity 4678K, committed 4736K, reserved 1048576K
}
Event: 14.615 GC heap before
{Heap before GC invocations=10 (full 1):
 PSYoungGen      total 179712K, used 52293K [0x00000000eab00000, 0x00000000f6c00000, 0x0000000100000000)
  eden space 168960K, 24% used [0x00000000eab00000,0x00000000ed396188,0x00000000f5000000)
  from space 10752K, 99% used [0x00000000f5d00000,0x00000000f677b4e8,0x00000000f6780000)
  to   space 13312K, 0% used [0x00000000f5000000,0x00000000f5000000,0x00000000f5d00000)
 ParOldGen       total 36352K, used 14717K [0x00000000c0000000, 0x00000000c2380000, 0x00000000eab00000)
  object space 36352K, 40% used [0x00000000c0000000,0x00000000c0e5f480,0x00000000c2380000)
 Metaspace       used 34684K, capacity 35288K, committed 35456K, reserved 1079296K
  class space    used 4684K, capacity 4877K, committed 4992K, reserved 1048576K
Event: 14.664 GC heap after
Heap after GC invocations=10 (full 1):
 PSYoungGen      total 182272K, used 12748K [0x00000000eab00000, 0x00000000fb700000, 0x0000000100000000)
  eden space 168960K, 0% used [0x00000000eab00000,0x00000000eab00000,0x00000000f5000000)
  from space 13312K, 95% used [0x00000000f5000000,0x00000000f5c730d0,0x00000000f5d00000)
  to   space 15360K, 0% used [0x00000000fa800000,0x00000000fa800000,0x00000000fb700000)
 ParOldGen       total 36352K, used 14717K [0x00000000c0000000, 0x00000000c2380000, 0x00000000eab00000)
  object space 36352K, 40% used [0x00000000c0000000,0x00000000c0e5f480,0x00000000c2380000)
 Metaspace       used 34684K, capacity 35288K, committed 35456K, reserved 1079296K
  class space    used 4684K, capacity 4877K, committed 4992K, reserved 1048576K
}
Event: 14.664 GC heap before
{Heap before GC invocations=11 (full 2):
 PSYoungGen      total 182272K, used 12748K [0x00000000eab00000, 0x00000000fb700000, 0x0000000100000000)
  eden space 168960K, 0% used [0x00000000eab00000,0x00000000eab00000,0x00000000f5000000)
  from space 13312K, 95% used [0x00000000f5000000,0x00000000f5c730d0,0x00000000f5d00000)
  to   space 15360K, 0% used [0x00000000fa800000,0x00000000fa800000,0x00000000fb700000)
 ParOldGen       total 36352K, used 14717K [0x00000000c0000000, 0x00000000c2380000, 0x00000000eab00000)
  object space 36352K, 40% used [0x00000000c0000000,0x00000000c0e5f480,0x00000000c2380000)
 Metaspace       used 34684K, capacity 35288K, committed 35456K, reserved 1079296K
  class space    used 4684K, capacity 4877K, committed 4992K, reserved 1048576K
Event: 15.050 GC heap after
Heap after GC invocations=11 (full 2):
 PSYoungGen      total 182272K, used 0K [0x00000000eab00000, 0x00000000fb700000, 0x0000000100000000)
  eden space 168960K, 0% used [0x00000000eab00000,0x00000000eab00000,0x00000000f5000000)
  from space 13312K, 0% used [0x00000000f5000000,0x00000000f5000000,0x00000000f5d00000)
  to   space 15360K, 0% used [0x00000000fa800000,0x00000000fa800000,0x00000000fb700000)
 ParOldGen       total 48128K, used 20121K [0x00000000c0000000, 0x00000000c2f00000, 0x00000000eab00000)
  object space 48128K, 41% used [0x00000000c0000000,0x00000000c13a65f0,0x00000000c2f00000)
 Metaspace       used 34684K, capacity 35288K, committed 35456K, reserved 1079296K
  class space    used 4684K, capacity 4877K, committed 4992K, reserved 1048576K
}
Event: 31.211 GC heap before
{Heap before GC invocations=12 (full 2):
 PSYoungGen      total 182272K, used 168960K [0x00000000eab00000, 0x00000000fb700000, 0x0000000100000000)
  eden space 168960K, 100% used [0x00000000eab00000,0x00000000f5000000,0x00000000f5000000)
  from space 13312K, 0% used [0x00000000f5000000,0x00000000f5000000,0x00000000f5d00000)
  to   space 15360K, 0% used [0x00000000fa800000,0x00000000fa800000,0x00000000fb700000)
 ParOldGen       total 48128K, used 20121K [0x00000000c0000000, 0x00000000c2f00000, 0x00000000eab00000)
  object space 48128K, 41% used [0x00000000c0000000,0x00000000c13a65f0,0x00000000c2f00000)
 Metaspace       used 43523K, capacity 44458K, committed 44672K, reserved 1087488K
  class space    used 5983K, capacity 6219K, committed 6272K, reserved 1048576K
Event: 31.262 GC heap after
Heap after GC invocations=12 (full 2):
 PSYoungGen      total 239104K, used 15342K [0x00000000eab00000, 0x00000000fb700000, 0x0000000100000000)
  eden space 223744K, 0% used [0x00000000eab00000,0x00000000eab00000,0x00000000f8580000)
  from space 15360K, 99% used [0x00000000fa800000,0x00000000fb6fb8a8,0x00000000fb700000)
  to   space 18432K, 0% used [0x00000000f9300000,0x00000000f9300000,0x00000000fa500000)
 ParOldGen       total 48128K, used 22233K [0x00000000c0000000, 0x00000000c2f00000, 0x00000000eab00000)
  object space 48128K, 46% used [0x00000000c0000000,0x00000000c15b6518,0x00000000c2f00000)
 Metaspace       used 43523K, capacity 44458K, committed 44672K, reserved 1087488K
  class space    used 5983K, capacity 6219K, committed 6272K, reserved 1048576K
}
Event: 40.072 GC heap before
{Heap before GC invocations=13 (full 2):
 PSYoungGen      total 239104K, used 239086K [0x00000000eab00000, 0x00000000fb700000, 0x0000000100000000)
  eden space 223744K, 100% used [0x00000000eab00000,0x00000000f8580000,0x00000000f8580000)
  from space 15360K, 99% used [0x00000000fa800000,0x00000000fb6fb8a8,0x00000000fb700000)
  to   space 18432K, 0% used [0x00000000f9300000,0x00000000f9300000,0x00000000fa500000)
 ParOldGen       total 48128K, used 22233K [0x00000000c0000000, 0x00000000c2f00000, 0x00000000eab00000)
  object space 48128K, 46% used [0x00000000c0000000,0x00000000c15b6518,0x00000000c2f00000)
 Metaspace       used 46672K, capacity 47626K, committed 47872K, reserved 1091584K
  class space    used 6364K, capacity 6653K, committed 6656K, reserved 1048576K
Event: 40.135 GC heap after
Heap after GC invocations=13 (full 2):
 PSYoungGen      total 256000K, used 4327K [0x00000000eab00000, 0x00000000fe800000, 0x0000000100000000)
  eden space 237568K, 0% used [0x00000000eab00000,0x00000000eab00000,0x00000000f9300000)
  from space 18432K, 23% used [0x00000000f9300000,0x00000000f9739f40,0x00000000fa500000)
  to   space 17920K, 0% used [0x00000000fd680000,0x00000000fd680000,0x00000000fe800000)
 ParOldGen       total 48128K, used 33924K [0x00000000c0000000, 0x00000000c2f00000, 0x00000000eab00000)
  object space 48128K, 70% used [0x00000000c0000000,0x00000000c2121388,0x00000000c2f00000)
 Metaspace       used 46672K, capacity 47626K, committed 47872K, reserved 1091584K
  class space    used 6364K, capacity 6653K, committed 6656K, reserved 1048576K
}

