# JRE version: Java(TM) SE Runtime Environment (8.0_45-b14) (build 1.8.0_45-b14)
# Java VM: Java HotSpot(TM) 64-Bit Server VM (25.45-b02 mixed mode windows-amd64 compressed oops)
Heap:
 PSYoungGen      total 325632K, used 51661K [0x00000000eab00000, 0x0000000100000000, 0x0000000100000000)
  eden space 303616K, 13% used [0x00000000eab00000,0x00000000ed2d5c58,0x00000000fd380000)
  from space 22016K, 49% used [0x00000000fe880000,0x00000000ff31da40,0x00000000ffe00000)
  to   space 21504K, 0% used [0x00000000fd380000,0x00000000fd380000,0x00000000fe880000)
 ParOldGen       total 89088K, used 33872K [0x00000000c0000000, 0x00000000c5700000, 0x00000000eab00000)
  object space 89088K, 38% used [0x00000000c0000000,0x00000000c21143b0,0x00000000c5700000)
 Metaspace       used 63566K, capacity 66146K, committed 66944K, reserved 1107968K
  class space    used 8187K, capacity 8571K, committed 8832K, reserved 1048576K
GC Heap History (10 events):
Event: 4655.994 GC heap before
{Heap before GC invocations=31 (full 9):
 PSYoungGen      total 325120K, used 203589K [0x00000000eab00000, 0x0000000100000000, 0x0000000100000000)
  eden space 302080K, 67% used [0x00000000eab00000,0x00000000f71d15b0,0x00000000fd200000)
  from space 23040K, 0% used [0x00000000fd200000,0x00000000fd200000,0x00000000fe880000)
  to   space 23040K, 0% used [0x00000000fe980000,0x00000000fe980000,0x0000000100000000)
 ParOldGen       total 89088K, used 38207K [0x00000000c0000000, 0x00000000c5700000, 0x00000000eab00000)
  object space 89088K, 42% used [0x00000000c0000000,0x00000000c254ff58,0x00000000c5700000)
 Metaspace       used 63152K, capacity 65524K, committed 66432K, reserved 1107968K
  class space    used 8148K, capacity 8514K, committed 8832K, reserved 1048576K
Event: 4656.019 GC heap after
Heap after GC invocations=31 (full 9):
 PSYoungGen      total 325120K, used 2367K [0x00000000eab00000, 0x00000000fff00000, 0x0000000100000000)
  eden space 303104K, 0% used [0x00000000eab00000,0x00000000eab00000,0x00000000fd300000)
  from space 22016K, 10% used [0x00000000fe980000,0x00000000febcfc50,0x00000000fff00000)
  to   space 22528K, 0% used [0x00000000fd300000,0x00000000fd300000,0x00000000fe900000)
 ParOldGen       total 89088K, used 38215K [0x00000000c0000000, 0x00000000c5700000, 0x00000000eab00000)
  object space 89088K, 42% used [0x00000000c0000000,0x00000000c2551f58,0x00000000c5700000)
 Metaspace       used 63152K, capacity 65524K, committed 66432K, reserved 1107968K
  class space    used 8148K, capacity 8514K, committed 8832K, reserved 1048576K
}
Event: 4656.019 GC heap before
{Heap before GC invocations=32 (full 10):
 PSYoungGen      total 325120K, used 2367K [0x00000000eab00000, 0x00000000fff00000, 0x0000000100000000)
  eden space 303104K, 0% used [0x00000000eab00000,0x00000000eab00000,0x00000000fd300000)
  from space 22016K, 10% used [0x00000000fe980000,0x00000000febcfc50,0x00000000fff00000)
  to   space 22528K, 0% used [0x00000000fd300000,0x00000000fd300000,0x00000000fe900000)
 ParOldGen       total 89088K, used 38215K [0x00000000c0000000, 0x00000000c5700000, 0x00000000eab00000)
  object space 89088K, 42% used [0x00000000c0000000,0x00000000c2551f58,0x00000000c5700000)
 Metaspace       used 63152K, capacity 65524K, committed 66432K, reserved 1107968K
  class space    used 8148K, capacity 8514K, committed 8832K, reserved 1048576K
Event: 4656.636 GC heap after
Heap after GC invocations=32 (full 10):
 PSYoungGen      total 325120K, used 0K [0x00000000eab00000, 0x00000000fff00000, 0x0000000100000000)
  eden space 303104K, 0% used [0x00000000eab00000,0x00000000eab00000,0x00000000fd300000)
  from space 22016K, 0% used [0x00000000fe980000,0x00000000fe980000,0x00000000fff00000)
  to   space 22528K, 0% used [0x00000000fd300000,0x00000000fd300000,0x00000000fe900000)
 ParOldGen       total 89088K, used 37907K [0x00000000c0000000, 0x00000000c5700000, 0x00000000eab00000)
  object space 89088K, 42% used [0x00000000c0000000,0x00000000c2504db8,0x00000000c5700000)
 Metaspace       used 63152K, capacity 65524K, committed 66432K, reserved 1107968K
  class space    used 8148K, capacity 8514K, committed 8832K, reserved 1048576K
}
Event: 5694.326 GC heap before
{Heap before GC invocations=33 (full 10):
 PSYoungGen      total 325120K, used 170254K [0x00000000eab00000, 0x00000000fff00000, 0x0000000100000000)
  eden space 303104K, 56% used [0x00000000eab00000,0x00000000f5143b90,0x00000000fd300000)
  from space 22016K, 0% used [0x00000000fe980000,0x00000000fe980000,0x00000000fff00000)
  to   space 22528K, 0% used [0x00000000fd300000,0x00000000fd300000,0x00000000fe900000)
 ParOldGen       total 89088K, used 37907K [0x00000000c0000000, 0x00000000c5700000, 0x00000000eab00000)
  object space 89088K, 42% used [0x00000000c0000000,0x00000000c2504db8,0x00000000c5700000)
 Metaspace       used 63335K, capacity 65756K, committed 66688K, reserved 1107968K
  class space    used 8168K, capacity 8562K, committed 8832K, reserved 1048576K
Event: 5694.419 GC heap after
Heap after GC invocations=33 (full 10):
 PSYoungGen      total 308224K, used 5085K [0x00000000eab00000, 0x00000000ffe00000, 0x0000000100000000)
  eden space 303104K, 0% used [0x00000000eab00000,0x00000000eab00000,0x00000000fd300000)
  from space 5120K, 99% used [0x00000000fd300000,0x00000000fd7f7668,0x00000000fd800000)
  to   space 22016K, 0% used [0x00000000fe880000,0x00000000fe880000,0x00000000ffe00000)
 ParOldGen       total 89088K, used 37915K [0x00000000c0000000, 0x00000000c5700000, 0x00000000eab00000)
  object space 89088K, 42% used [0x00000000c0000000,0x00000000c2506db8,0x00000000c5700000)
 Metaspace       used 63335K, capacity 65756K, committed 66688K, reserved 1107968K
  class space    used 8168K, capacity 8562K, committed 8832K, reserved 1048576K
}
Event: 5694.419 GC heap before
{Heap before GC invocations=34 (full 11):
 PSYoungGen      total 308224K, used 5085K [0x00000000eab00000, 0x00000000ffe00000, 0x0000000100000000)
  eden space 303104K, 0% used [0x00000000eab00000,0x00000000eab00000,0x00000000fd300000)
  from space 5120K, 99% used [0x00000000fd300000,0x00000000fd7f7668,0x00000000fd800000)
  to   space 22016K, 0% used [0x00000000fe880000,0x00000000fe880000,0x00000000ffe00000)
 ParOldGen       total 89088K, used 37915K [0x00000000c0000000, 0x00000000c5700000, 0x00000000eab00000)
  object space 89088K, 42% used [0x00000000c0000000,0x00000000c2506db8,0x00000000c5700000)
 Metaspace       used 63335K, capacity 65756K, committed 66688K, reserved 1107968K
  class space    used 8168K, capacity 8562K, committed 8832K, reserved 1048576K
Event: 5696.212 GC heap after
Heap after GC invocations=34 (full 11):
 PSYoungGen      total 308224K, used 0K [0x00000000eab00000, 0x00000000ffe00000, 0x0000000100000000)
  eden space 303104K, 0% used [0x00000000eab00000,0x00000000eab00000,0x00000000fd300000)
  from space 5120K, 0% used [0x00000000fd300000,0x00000000fd300000,0x00000000fd800000)
  to   space 22016K, 0% used [0x00000000fe880000,0x00000000fe880000,0x00000000ffe00000)
 ParOldGen       total 89088K, used 33872K [0x00000000c0000000, 0x00000000c5700000, 0x00000000eab00000)
  object space 89088K, 38% used [0x00000000c0000000,0x00000000c21143b0,0x00000000c5700000)
 Metaspace       used 62714K, capacity 64676K, committed 66688K, reserved 1107968K
  class space    used 8027K, capacity 8307K, committed 8832K, reserved 1048576K
}
Event: 5803.422 GC heap before
{Heap before GC invocations=35 (full 11):
 PSYoungGen      total 308224K, used 303104K [0x00000000eab00000, 0x00000000ffe00000, 0x0000000100000000)
  eden space 303104K, 100% used [0x00000000eab00000,0x00000000fd300000,0x00000000fd300000)
  from space 5120K, 0% used [0x00000000fd300000,0x00000000fd300000,0x00000000fd800000)
  to   space 22016K, 0% used [0x00000000fe880000,0x00000000fe880000,0x00000000ffe00000)
 ParOldGen       total 89088K, used 33872K [0x00000000c0000000, 0x00000000c5700000, 0x00000000eab00000)
  object space 89088K, 38% used [0x00000000c0000000,0x00000000c21143b0,0x00000000c5700000)
 Metaspace       used 63494K, capacity 66046K, committed 66944K, reserved 1107968K
  class space    used 8183K, capacity 8565K, committed 8832K, reserved 1048576K
Event: 5803.692 GC heap after
Heap after GC invocations=35 (full 11):
 PSYoungGen      total 325632K, used 10870K [0x00000000eab00000, 0x0000000100000000, 0x0000000100000000)
  eden space 303616K, 0% used [0x00000000eab00000,0x00000000eab00000,0x00000000fd380000)
  from space 22016K, 49% used [0x00000000fe880000,0x00000000ff31da40,0x00000000ffe00000)
  to   space 21504K, 0% used [0x00000000fd380000,0x00000000fd380000,0x00000000fe880000)
 ParOldGen       total 89088K, used 33872K [0x00000000c0000000, 0x00000000c5700000, 0x00000000eab00000)
  object space 89088K, 38% used [0x00000000c0000000,0x00000000c21143b0,0x00000000c5700000)
 Metaspace       used 63494K, capacity 66046K, committed 66944K, reserved 1107968K
  class space    used 8183K, capacity 8565K, committed 8832K, reserved 1048576K
}

